The system is: Darwin - 10.6.0 - i386
Compiling the C compiler identification source file "CMakeCCompilerId.c" succeeded.
Compiler: /usr/bin/clang 
Build flags: -march=x86-64;-g;-fno-common;-fsigned-char;-pipe;-Wall;-Wextra;-fcatch-undefined-behavior
Id flags: 

The output was:
0


Compilation of the C compiler identification source "CMakeCCompilerId.c" produced "a.out"

Compilation of the C compiler identification source "CMakeCCompilerId.c" produced "a.out.dSYM"

The C compiler identification is Clang, found in "/Users/asher/Projects/rp/cerialize/install/CMakeFiles/CompilerIdC/a.out"

Determining if the C compiler works passed with the following output:
Change Dir: /Users/asher/Projects/rp/cerialize/install/CMakeFiles/CMakeTmp

Run Build Command:/Developer/usr/bin/make "cmTryCompileExec/fast"
/Developer/usr/bin/make -f CMakeFiles/cmTryCompileExec.dir/build.make CMakeFiles/cmTryCompileExec.dir/build
"/Applications/CMake 2.8-2.app/Contents/bin/cmake" -E cmake_progress_report /Users/asher/Projects/rp/cerialize/install/CMakeFiles/CMakeTmp/CMakeFiles 1
Building C object CMakeFiles/cmTryCompileExec.dir/testCCompiler.c.o
/usr/bin/clang   -march=x86-64 -g -fno-common -fsigned-char -pipe -Wall -Wextra -fcatch-undefined-behavior      -o CMakeFiles/cmTryCompileExec.dir/testCCompiler.c.o   -c /Users/asher/Projects/rp/cerialize/install/CMakeFiles/CMakeTmp/testCCompiler.c
Linking C executable cmTryCompileExec
"/Applications/CMake 2.8-2.app/Contents/bin/cmake" -E cmake_link_script CMakeFiles/cmTryCompileExec.dir/link.txt --verbose=1
/usr/bin/clang   -march=x86-64 -g -fno-common -fsigned-char -pipe -Wall -Wextra -fcatch-undefined-behavior    -Wl,-search_paths_first -headerpad_max_install_names  CMakeFiles/cmTryCompileExec.dir/testCCompiler.c.o  -o cmTryCompileExec  


Detecting C compiler ABI info compiled with the following output:
Change Dir: /Users/asher/Projects/rp/cerialize/install/CMakeFiles/CMakeTmp

Run Build Command:/Developer/usr/bin/make "cmTryCompileExec/fast"
/Developer/usr/bin/make -f CMakeFiles/cmTryCompileExec.dir/build.make CMakeFiles/cmTryCompileExec.dir/build
"/Applications/CMake 2.8-2.app/Contents/bin/cmake" -E cmake_progress_report /Users/asher/Projects/rp/cerialize/install/CMakeFiles/CMakeTmp/CMakeFiles 1
Building C object CMakeFiles/cmTryCompileExec.dir/CMakeCCompilerABI.c.o
/usr/bin/clang   -march=x86-64 -g -fno-common -fsigned-char -pipe -Wall -Wextra -fcatch-undefined-behavior      -o CMakeFiles/cmTryCompileExec.dir/CMakeCCompilerABI.c.o   -c "/Applications/CMake 2.8-2.app/Contents/share/cmake-2.8/Modules/CMakeCCompilerABI.c"
Linking C executable cmTryCompileExec
"/Applications/CMake 2.8-2.app/Contents/bin/cmake" -E cmake_link_script CMakeFiles/cmTryCompileExec.dir/link.txt --verbose=1
/usr/bin/clang   -march=x86-64 -g -fno-common -fsigned-char -pipe -Wall -Wextra -fcatch-undefined-behavior    -Wl,-search_paths_first -headerpad_max_install_names -v CMakeFiles/cmTryCompileExec.dir/CMakeCCompilerABI.c.o  -o cmTryCompileExec   
Apple clang version 2.0 (tags/Apple/clang-137) (based on LLVM 2.9svn)
Target: x86_64-apple-darwin10
Thread model: posix
 "/usr/bin/ld" -demangle -dynamic -arch x86_64 -headerpad_max_install_names -macosx_version_min 10.6.0 -o cmTryCompileExec -lcrt1.10.6.o -L/usr/lib/gcc/i686-apple-darwin10/4.2.1/x86_64 -L/usr/lib/gcc/i686-apple-darwin10/4.2.1 -search_paths_first CMakeFiles/cmTryCompileExec.dir/CMakeCCompilerABI.c.o -lSystem


Parsed C implicit link information from above output:
  link line regex: [^( *|.*[/\])(ld|ld|collect2)[^/\]*( |$)]
  ignore line: [Change Dir: /Users/asher/Projects/rp/cerialize/install/CMakeFiles/CMakeTmp]
  ignore line: []
  ignore line: [Run Build Command:/Developer/usr/bin/make "cmTryCompileExec/fast"]
  ignore line: [/Developer/usr/bin/make -f CMakeFiles/cmTryCompileExec.dir/build.make CMakeFiles/cmTryCompileExec.dir/build]
  ignore line: ["/Applications/CMake 2.8-2.app/Contents/bin/cmake" -E cmake_progress_report /Users/asher/Projects/rp/cerialize/install/CMakeFiles/CMakeTmp/CMakeFiles 1]
  ignore line: [Building C object CMakeFiles/cmTryCompileExec.dir/CMakeCCompilerABI.c.o]
  ignore line: [/usr/bin/clang   -march=x86-64 -g -fno-common -fsigned-char -pipe -Wall -Wextra -fcatch-undefined-behavior      -o CMakeFiles/cmTryCompileExec.dir/CMakeCCompilerABI.c.o   -c "/Applications/CMake 2.8-2.app/Contents/share/cmake-2.8/Modules/CMakeCCompilerABI.c"]
  ignore line: [Linking C executable cmTryCompileExec]
  ignore line: ["/Applications/CMake 2.8-2.app/Contents/bin/cmake" -E cmake_link_script CMakeFiles/cmTryCompileExec.dir/link.txt --verbose=1]
  ignore line: [/usr/bin/clang   -march=x86-64 -g -fno-common -fsigned-char -pipe -Wall -Wextra -fcatch-undefined-behavior    -Wl,-search_paths_first -headerpad_max_install_names -v CMakeFiles/cmTryCompileExec.dir/CMakeCCompilerABI.c.o  -o cmTryCompileExec   ]
  ignore line: [Apple clang version 2.0 (tags/Apple/clang-137) (based on LLVM 2.9svn)]
  ignore line: [Target: x86_64-apple-darwin10]
  ignore line: [Thread model: posix]
  link line: [ "/usr/bin/ld" -demangle -dynamic -arch x86_64 -headerpad_max_install_names -macosx_version_min 10.6.0 -o cmTryCompileExec -lcrt1.10.6.o -L/usr/lib/gcc/i686-apple-darwin10/4.2.1/x86_64 -L/usr/lib/gcc/i686-apple-darwin10/4.2.1 -search_paths_first CMakeFiles/cmTryCompileExec.dir/CMakeCCompilerABI.c.o -lSystem]
    arg [/usr/bin/ld] ==> ignore
    arg [-demangle] ==> ignore
    arg [-dynamic] ==> ignore
    arg [-arch] ==> ignore
    arg [x86_64] ==> ignore
    arg [-headerpad_max_install_names] ==> ignore
    arg [-macosx_version_min] ==> ignore
    arg [10.6.0] ==> ignore
    arg [-o] ==> ignore
    arg [cmTryCompileExec] ==> ignore
    arg [-lcrt1.10.6.o] ==> lib [crt1.10.6.o]
    arg [-L/usr/lib/gcc/i686-apple-darwin10/4.2.1/x86_64] ==> dir [/usr/lib/gcc/i686-apple-darwin10/4.2.1/x86_64]
    arg [-L/usr/lib/gcc/i686-apple-darwin10/4.2.1] ==> dir [/usr/lib/gcc/i686-apple-darwin10/4.2.1]
    arg [-search_paths_first] ==> ignore
    arg [CMakeFiles/cmTryCompileExec.dir/CMakeCCompilerABI.c.o] ==> ignore
    arg [-lSystem] ==> lib [System]
  remove lib [crt1.10.6.o]
  remove lib [System]
  collapse dir [/usr/lib/gcc/i686-apple-darwin10/4.2.1/x86_64] ==> [/usr/lib/gcc/i686-apple-darwin10/4.2.1/x86_64]
  collapse dir [/usr/lib/gcc/i686-apple-darwin10/4.2.1] ==> [/usr/lib/gcc/i686-apple-darwin10/4.2.1]
  implicit libs: []
  implicit dirs: [/usr/lib/gcc/i686-apple-darwin10/4.2.1/x86_64;/usr/lib/gcc/i686-apple-darwin10/4.2.1]


